<?xml version="1.0" encoding="UTF-8"?>
<!-- Generated by org.testng.reporters.JUnitReportReporter -->
<testsuite skipped="0" hostname="Anusha" name="ShipRocket.SR.SignUpTest" tests="1" failures="0" timestamp="05 Oct 2018 11:10:06 GMT" time="54.438" errors="0">
  <testcase name="login_verify" time="54.438" classname="ShipRocket.SR.SignUpTest"/>
</testsuite> <!-- ShipRocket.SR.SignUpTest -->
