<?xml version="1.0" encoding="UTF-8"?>
<!-- Generated by org.testng.reporters.JUnitReportReporter -->
<testsuite skipped="0" hostname="Anusha" name="ShipRocket.SR.OrderCreationTest" tests="1" failures="0" timestamp="05 Oct 2018 11:07:51 GMT" time="65.143" errors="0">
  <testcase name="forwardOrder" time="65.143" classname="ShipRocket.SR.OrderCreationTest"/>
</testsuite> <!-- ShipRocket.SR.OrderCreationTest -->
