<?xml version="1.0" encoding="UTF-8"?>
<!-- Generated by org.testng.reporters.JUnitReportReporter -->
<testsuite skipped="0" hostname="Anusha" name="ShipRocket.SR.ChannelOrderTest" tests="1" failures="0" timestamp="05 Oct 2018 11:07:51 GMT" time="58.051" errors="0">
  <testcase name="bulkUpload" time="58.051" classname="ShipRocket.SR.ChannelOrderTest"/>
</testsuite> <!-- ShipRocket.SR.ChannelOrderTest -->
