<?xml version="1.0" encoding="UTF-8"?>
<!-- Generated by org.testng.reporters.JUnitReportReporter -->
<testsuite skipped="0" hostname="Anusha" name="ShipRocket.SR.LoginTest" tests="1" failures="0" timestamp="05 Oct 2018 11:07:51 GMT" time="16.876" errors="0">
  <testcase name="login_verify" time="16.876" classname="ShipRocket.SR.LoginTest"/>
</testsuite> <!-- ShipRocket.SR.LoginTest -->
